<?xml version="1.0" encoding="UTF-8"?>
<testsuite xmlns:xsi="http://www.w3.org/2001/XMLSchema-instance" xsi:noNamespaceSchemaLocation="https://maven.apache.org/surefire/maven-surefire-plugin/xsd/surefire-test-report.xsd" name="com.jaimedantas.fiitaxcalculator.ultils.CalculationEngineTest" time="0.115" tests="3" errors="0" skipped="0" failures="0">
  <properties>
[...]
</properties>
  <testcase name="shouldDivideBigdecimalWithATooBigBigdecimal" classname="com.jaimedantas.fiitaxcalculator.ultils.CalculationEngineTest" time="0.064"/>
  <testcase name="shouldDivideTwoBigDecimals" classname="com.jaimedantas.fiitaxcalculator.ultils.CalculationEngineTest" time="0.003"/>
  <testcase name="shouldAddTwoBigDecimals" classname="com.jaimedantas.fiitaxcalculator.ultils.CalculationEngineTest" time="0.001"/>
</testsuite>